Using pre-set license
Built from '2021.3/staging' branch; Version is '2021.3.13f1 (9e7d58001ecf) revision 10386776'; Using compiler version '192829333'; Build Type 'Release'
OS: 'Windows 11  (10.0.22621) 64bit CoreSingleLanguage' Language: 'tr' Physical Memory: 16262 MB
BatchMode: 1, IsHumanControllingUs: 0, StartBugReporterOnCrash: 0, Is64bit: 1, IsPro: 1

COMMAND LINE ARGUMENTS:
C:\Program Files\Unity\Hub\Editor\2021.3.13f1\Editor\Unity.exe
-adb2
-batchMode
-noUpm
-name
AssetImportWorker2
-projectPath
C:/unitygames/Phantasma_Toss/PhatasmaToss
-logFile
Logs/AssetImportWorker2.log
-srvPort
62167
Successfully changed project path to: C:/unitygames/Phantasma_Toss/PhatasmaToss
C:/unitygames/Phantasma_Toss/PhatasmaToss
[UnityMemory] Configuration Parameters - Can be set up in boot.config
    "memorysetup-bucket-allocator-granularity=16"
    "memorysetup-bucket-allocator-bucket-count=8"
    "memorysetup-bucket-allocator-block-size=33554432"
    "memorysetup-bucket-allocator-block-count=8"
    "memorysetup-main-allocator-block-size=16777216"
    "memorysetup-thread-allocator-block-size=16777216"
    "memorysetup-gfx-main-allocator-block-size=16777216"
    "memorysetup-gfx-thread-allocator-block-size=16777216"
    "memorysetup-cache-allocator-block-size=4194304"
    "memorysetup-typetree-allocator-block-size=2097152"
    "memorysetup-profiler-bucket-allocator-granularity=16"
    "memorysetup-profiler-bucket-allocator-bucket-count=8"
    "memorysetup-profiler-bucket-allocator-block-size=33554432"
    "memorysetup-profiler-bucket-allocator-block-count=8"
    "memorysetup-profiler-allocator-block-size=16777216"
    "memorysetup-profiler-editor-allocator-block-size=1048576"
    "memorysetup-temp-allocator-size-main=16777216"
    "memorysetup-job-temp-allocator-block-size=2097152"
    "memorysetup-job-temp-allocator-block-size-background=1048576"
    "memorysetup-job-temp-allocator-reduction-small-platforms=262144"
    "memorysetup-temp-allocator-size-background-worker=32768"
    "memorysetup-temp-allocator-size-job-worker=262144"
    "memorysetup-temp-allocator-size-preload-manager=33554432"
    "memorysetup-temp-allocator-size-nav-mesh-worker=65536"
    "memorysetup-temp-allocator-size-audio-worker=65536"
    "memorysetup-temp-allocator-size-cloud-worker=32768"
    "memorysetup-temp-allocator-size-gi-baking-worker=262144"
    "memorysetup-temp-allocator-size-gfx=262144"
Refreshing native plugins compatible for Editor in 228.31 ms, found 2 plugins.
Preloading 0 native plugins for Editor in 0.00 ms.
Initialize engine version: 2021.3.13f1 (9e7d58001ecf)
[Subsystems] Discovering subsystems at path C:/Program Files/Unity/Hub/Editor/2021.3.13f1/Editor/Data/Resources/UnitySubsystems
[Subsystems] Discovering subsystems at path C:/unitygames/Phantasma_Toss/PhatasmaToss/Assets
GfxDevice: creating device client; threaded=0; jobified=0
Direct3D:
    Version:  Direct3D 11.0 [level 11.1]
    Renderer: NVIDIA GeForce RTX 2060 (ID=0x1f11)
    Vendor:   NVIDIA
    VRAM:     5968 MB
    Driver:   31.0.15.2802
Initialize mono
Mono path[0] = 'C:/Program Files/Unity/Hub/Editor/2021.3.13f1/Editor/Data/Managed'
Mono path[1] = 'C:/Program Files/Unity/Hub/Editor/2021.3.13f1/Editor/Data/MonoBleedingEdge/lib/mono/unityjit-win32'
Mono config path = 'C:/Program Files/Unity/Hub/Editor/2021.3.13f1/Editor/Data/MonoBleedingEdge/etc'
Using monoOptions --debugger-agent=transport=dt_socket,embedding=1,server=y,suspend=n,address=127.0.0.1:56284
Begin MonoManager ReloadAssembly
Registering precompiled unity dll's ...
Register platform support module: C:/Program Files/Unity/Hub/Editor/2021.3.13f1/Editor/Data/PlaybackEngines/AndroidPlayer/UnityEditor.Android.Extensions.dll
Register platform support module: C:/Program Files/Unity/Hub/Editor/2021.3.13f1/Editor/Data/PlaybackEngines/WindowsStandaloneSupport/UnityEditor.WindowsStandalone.Extensions.dll
Register platform support module: C:/Program Files/Unity/Hub/Editor/2021.3.13f1/Editor/Data/PlaybackEngines/MetroSupport/UnityEditor.UWP.Extensions.dll
Registered in 0.222446 seconds.
Native extension for UWP target not found
Native extension for WindowsStandalone target not found
Native extension for Android target not found
Refreshing native plugins compatible for Editor in 47.61 ms, found 2 plugins.
Preloading 0 native plugins for Editor in 0.00 ms.
Mono: successfully reloaded assembly
- Completed reload, in  4.867 seconds
Domain Reload Profiling:
	ReloadAssembly (4868ms)
		BeginReloadAssembly (3330ms)
			ExecutionOrderSort (0ms)
			DisableScriptedObjects (0ms)
			BackupInstance (0ms)
			ReleaseScriptingObjects (0ms)
			CreateAndSetChildDomain (1ms)
		EndReloadAssembly (994ms)
			LoadAssemblies (3336ms)
			RebuildTransferFunctionScriptingTraits (0ms)
			SetupTypeCache (655ms)
			ReleaseScriptCaches (0ms)
			RebuildScriptCaches (30ms)
			SetupLoadedEditorAssemblies (252ms)
				LogAssemblyErrors (0ms)
				InitializePlatformSupportModulesInManaged (55ms)
				SetLoadedEditorAssemblies (0ms)
				RefreshPlugins (48ms)
				BeforeProcessingInitializeOnLoad (1ms)
				ProcessInitializeOnLoadAttributes (99ms)
				ProcessInitializeOnLoadMethodAttributes (48ms)
				AfterProcessingInitializeOnLoad (0ms)
				EditorAssembliesLoaded (0ms)
			ExecutionOrderSort2 (0ms)
			AwakeInstancesAfterBackupRestoration (0ms)
Platform modules already initialized, skipping
Registering precompiled user dll's ...
Registered in 1.390106 seconds.
Android Extension - Scanning For ADB Devices 4407 ms
Begin MonoManager ReloadAssembly
Native extension for UWP target not found
Native extension for WindowsStandalone target not found
Native extension for Android target not found
Refreshing native plugins compatible for Editor in 0.85 ms, found 2 plugins.
Preloading 0 native plugins for Editor in 0.00 ms.
Mono: successfully reloaded assembly
- Completed reload, in  6.227 seconds
Domain Reload Profiling:
	ReloadAssembly (6228ms)
		BeginReloadAssembly (113ms)
			ExecutionOrderSort (0ms)
			DisableScriptedObjects (6ms)
			BackupInstance (0ms)
			ReleaseScriptingObjects (0ms)
			CreateAndSetChildDomain (20ms)
		EndReloadAssembly (5924ms)
			LoadAssemblies (3226ms)
			RebuildTransferFunctionScriptingTraits (0ms)
			SetupTypeCache (819ms)
			ReleaseScriptCaches (0ms)
			RebuildScriptCaches (50ms)
			SetupLoadedEditorAssemblies (1779ms)
				LogAssemblyErrors (0ms)
				InitializePlatformSupportModulesInManaged (15ms)
				SetLoadedEditorAssemblies (0ms)
				RefreshPlugins (1ms)
				BeforeProcessingInitializeOnLoad (72ms)
				ProcessInitializeOnLoadAttributes (721ms)
				ProcessInitializeOnLoadMethodAttributes (963ms)
				AfterProcessingInitializeOnLoad (6ms)
				EditorAssembliesLoaded (0ms)
			ExecutionOrderSort2 (0ms)
			AwakeInstancesAfterBackupRestoration (5ms)
Platform modules already initialized, skipping
========================================================================
Worker process is ready to serve import requests
Launched and connected shader compiler UnityShaderCompiler.exe after 0.07 seconds
Refreshing native plugins compatible for Editor in 0.86 ms, found 2 plugins.
Preloading 0 native plugins for Editor in 0.00 ms.
Unloading 2401 Unused Serialized files (Serialized files now loaded: 0)
Unloading 47 unused Assets / (56.8 KB). Loaded Objects now: 2864.
Memory consumption went from 101.4 MB to 101.3 MB.
Total: 7.307500 ms (FindLiveObjects: 0.265600 ms CreateObjectMapping: 0.171100 ms MarkObjects: 6.785600 ms  DeleteObjects: 0.084100 ms)

AssetImportParameters requested are different than current active one (requested -> active):
  custom:video-decoder-ogg-theora: a1e56fd34408186e4bbccfd4996cb3dc -> 
  custom:container-muxer-webm: aa71ff27fc2769a1b78a27578f13a17b -> 
  custom:container-demuxer-webm: 4f35f7cbe854078d1ac9338744f61a02 -> 
  custom:video-encoder-webm-vp8: eb34c28f22e8b96e1ab97ce403110664 -> 
  custom:audio-encoder-webm-vorbis: bf7c407c2cedff20999df2af8eb42d56 -> 
  custom:framework-win-MediaFoundation: 216162199b28c13a410421893ffa2e32 -> 
  custom:container-demuxer-ogg: 62fdf1f143b41e24485cea50d1cbac27 -> 
  custom:video-decoder-webm-vp8: 9c59270c3fd7afecdb556c50c9e8de78 -> 
  custom:audio-decoder-ogg-vorbis: bf7c407c2cedff20999df2af8eb42d56 -> 
========================================================================
Received Prepare
Registering precompiled user dll's ...
Registered in 0.009079 seconds.
Begin MonoManager ReloadAssembly
Native extension for UWP target not found
Native extension for WindowsStandalone target not found
Native extension for Android target not found
Refreshing native plugins compatible for Editor in 0.72 ms, found 2 plugins.
Preloading 0 native plugins for Editor in 0.00 ms.
Unable to write to 'ProjectSettings\GvhProjectSettings.xml' (System.IO.IOException: Sharing violation on path C:\unitygames\Phantasma_Toss\PhatasmaToss\ProjectSettings\GvhProjectSettings.xml
  at System.IO.FileStream..ctor (System.String path, System.IO.FileMode mode, System.IO.FileAccess access, System.IO.FileShare share, System.Int32 bufferSize, System.Boolean anonymous, System.IO.FileOptions options) [0x0019e] in <c9d3ffd4b98649ee9989e1908eaca019>:0 
  at System.IO.FileStream..ctor (System.String path, System.IO.FileMode mode, System.IO.FileAccess access, System.IO.FileShare share, System.Int32 bufferSize, System.IO.FileOptions options) [0x00000] in <c9d3ffd4b98649ee9989e1908eaca019>:0 
  at System.IO.FileStream..ctor (System.String path, System.IO.FileMode mode, System.IO.FileAccess access, System.IO.FileShare share, System.Int32 bufferSize, System.Boolean useAsync) [0x00000] in <c9d3ffd4b98649ee9989e1908eaca019>:0 
  at (wrapper remoting-invoke-with-check) System.IO.FileStream..ctor(string,System.IO.FileMode,System.IO.FileAccess,System.IO.FileShare,int,bool)
  at System.Xml.XmlWriterSettings.CreateWriter (System.String outputFileName) [0x00051] in <100554d91a76425ca943b8b28ed78583>:0 
  at System.Xml.XmlWriter.Create (System.String outputFileName, System.Xml.XmlWriterSettings settings) [0x0000a] in <100554d91a76425ca943b8b28ed78583>:0 
  at Google.ProjectSettings.Save () [0x000a8] in <c44f6958b00a4ff0b3783140f387a792>:0 , Project settings were not saved!
UnityEngine.StackTraceUtility:ExtractStackTrace ()
UnityEngine.DebugLogHandler:LogFormat (UnityEngine.LogType,UnityEngine.Object,string,object[])
UnityEngine.Logger:Log (UnityEngine.LogType,object)
UnityEngine.Debug:LogError (object)
Google.Logger:Log (string,Google.LogLevel)
Google.ProjectSettings:Save ()
Google.ProjectSettings:SetBool (string,bool,Google.SettingsLocation)
Google.ProjectSettings:SetBool (string,bool)
Google.IOSResolver:set_VerboseLoggingEnabled (bool)
Google.IOSResolver:.cctor ()
System.Runtime.CompilerServices.RuntimeHelpers:RunClassConstructor (System.RuntimeTypeHandle)
UnityEditor.EditorAssemblies:ProcessInitializeOnLoadAttributes (System.Type[])

Mono: successfully reloaded assembly
- Completed reload, in  1.284 seconds
Domain Reload Profiling:
	ReloadAssembly (1285ms)
		BeginReloadAssembly (136ms)
			ExecutionOrderSort (0ms)
			DisableScriptedObjects (5ms)
			BackupInstance (0ms)
			ReleaseScriptingObjects (0ms)
			CreateAndSetChildDomain (36ms)
		EndReloadAssembly (1025ms)
			LoadAssemblies (97ms)
			RebuildTransferFunctionScriptingTraits (0ms)
			SetupTypeCache (240ms)
			ReleaseScriptCaches (1ms)
			RebuildScriptCaches (49ms)
			SetupLoadedEditorAssemblies (602ms)
				LogAssemblyErrors (0ms)
				InitializePlatformSupportModulesInManaged (22ms)
				SetLoadedEditorAssemblies (0ms)
				RefreshPlugins (1ms)
				BeforeProcessingInitializeOnLoad (53ms)
				ProcessInitializeOnLoadAttributes (428ms)
				ProcessInitializeOnLoadMethodAttributes (90ms)
				AfterProcessingInitializeOnLoad (7ms)
				EditorAssembliesLoaded (0ms)
			ExecutionOrderSort2 (0ms)
			AwakeInstancesAfterBackupRestoration (8ms)
Platform modules already initialized, skipping
Refreshing native plugins compatible for Editor in 4.24 ms, found 2 plugins.
Preloading 0 native plugins for Editor in 0.00 ms.
Unloading 2378 Unused Serialized files (Serialized files now loaded: 0)
Unloading 39 unused Assets / (25.3 KB). Loaded Objects now: 2868.
Memory consumption went from 99.7 MB to 99.7 MB.
Total: 6.015400 ms (FindLiveObjects: 0.221500 ms CreateObjectMapping: 0.142300 ms MarkObjects: 5.606900 ms  DeleteObjects: 0.043300 ms)

AssetImportParameters requested are different than current active one (requested -> active):
  custom:video-decoder-ogg-theora: a1e56fd34408186e4bbccfd4996cb3dc -> 
  custom:container-muxer-webm: aa71ff27fc2769a1b78a27578f13a17b -> 
  custom:container-demuxer-webm: 4f35f7cbe854078d1ac9338744f61a02 -> 
  custom:video-encoder-webm-vp8: eb34c28f22e8b96e1ab97ce403110664 -> 
  custom:audio-encoder-webm-vorbis: bf7c407c2cedff20999df2af8eb42d56 -> 
  custom:framework-win-MediaFoundation: 216162199b28c13a410421893ffa2e32 -> 
  custom:container-demuxer-ogg: 62fdf1f143b41e24485cea50d1cbac27 -> 
  custom:video-decoder-webm-vp8: 9c59270c3fd7afecdb556c50c9e8de78 -> 
  custom:audio-decoder-ogg-vorbis: bf7c407c2cedff20999df2af8eb42d56 -> 
========================================================================
Received Prepare
Registering precompiled user dll's ...
Registered in 0.015696 seconds.
Begin MonoManager ReloadAssembly
Native extension for UWP target not found
Native extension for WindowsStandalone target not found
Native extension for Android target not found
Refreshing native plugins compatible for Editor in 0.89 ms, found 2 plugins.
Preloading 0 native plugins for Editor in 0.00 ms.
Unable to write to 'ProjectSettings\GvhProjectSettings.xml' (System.IO.IOException: Sharing violation on path C:\unitygames\Phantasma_Toss\PhatasmaToss\ProjectSettings\GvhProjectSettings.xml
  at System.IO.FileStream..ctor (System.String path, System.IO.FileMode mode, System.IO.FileAccess access, System.IO.FileShare share, System.Int32 bufferSize, System.Boolean anonymous, System.IO.FileOptions options) [0x0019e] in <c9d3ffd4b98649ee9989e1908eaca019>:0 
  at System.IO.FileStream..ctor (System.String path, System.IO.FileMode mode, System.IO.FileAccess access, System.IO.FileShare share, System.Int32 bufferSize, System.IO.FileOptions options) [0x00000] in <c9d3ffd4b98649ee9989e1908eaca019>:0 
  at System.IO.FileStream..ctor (System.String path, System.IO.FileMode mode, System.IO.FileAccess access, System.IO.FileShare share, System.Int32 bufferSize, System.Boolean useAsync) [0x00000] in <c9d3ffd4b98649ee9989e1908eaca019>:0 
  at (wrapper remoting-invoke-with-check) System.IO.FileStream..ctor(string,System.IO.FileMode,System.IO.FileAccess,System.IO.FileShare,int,bool)
  at System.Xml.XmlWriterSettings.CreateWriter (System.String outputFileName) [0x00051] in <100554d91a76425ca943b8b28ed78583>:0 
  at System.Xml.XmlWriter.Create (System.String outputFileName, System.Xml.XmlWriterSettings settings) [0x0000a] in <100554d91a76425ca943b8b28ed78583>:0 
  at Google.ProjectSettings.Save () [0x000a8] in <c44f6958b00a4ff0b3783140f387a792>:0 , Project settings were not saved!
UnityEngine.StackTraceUtility:ExtractStackTrace ()
UnityEngine.DebugLogHandler:LogFormat (UnityEngine.LogType,UnityEngine.Object,string,object[])
UnityEngine.Logger:Log (UnityEngine.LogType,object)
UnityEngine.Debug:LogError (object)
Google.Logger:Log (string,Google.LogLevel)
Google.ProjectSettings:Save ()
Google.ProjectSettings:SetBool (string,bool,Google.SettingsLocation)
Google.ProjectSettings:SetBool (string,bool)
Google.IOSResolver:set_VerboseLoggingEnabled (bool)
Google.IOSResolver:.cctor ()
System.Runtime.CompilerServices.RuntimeHelpers:RunClassConstructor (System.RuntimeTypeHandle)
UnityEditor.EditorAssemblies:ProcessInitializeOnLoadAttributes (System.Type[])

Mono: successfully reloaded assembly
- Completed reload, in  1.316 seconds
Domain Reload Profiling:
	ReloadAssembly (1317ms)
		BeginReloadAssembly (133ms)
			ExecutionOrderSort (0ms)
			DisableScriptedObjects (6ms)
			BackupInstance (0ms)
			ReleaseScriptingObjects (0ms)
			CreateAndSetChildDomain (43ms)
		EndReloadAssembly (1077ms)
			LoadAssemblies (78ms)
			RebuildTransferFunctionScriptingTraits (0ms)
			SetupTypeCache (248ms)
			ReleaseScriptCaches (1ms)
			RebuildScriptCaches (43ms)
			SetupLoadedEditorAssemblies (654ms)
				LogAssemblyErrors (0ms)
				InitializePlatformSupportModulesInManaged (28ms)
				SetLoadedEditorAssemblies (1ms)
				RefreshPlugins (1ms)
				BeforeProcessingInitializeOnLoad (62ms)
				ProcessInitializeOnLoadAttributes (448ms)
				ProcessInitializeOnLoadMethodAttributes (107ms)
				AfterProcessingInitializeOnLoad (7ms)
				EditorAssembliesLoaded (0ms)
			ExecutionOrderSort2 (0ms)
			AwakeInstancesAfterBackupRestoration (9ms)
Platform modules already initialized, skipping
Refreshing native plugins compatible for Editor in 4.18 ms, found 2 plugins.
Preloading 0 native plugins for Editor in 0.00 ms.
Unloading 2378 Unused Serialized files (Serialized files now loaded: 0)
Unloading 39 unused Assets / (25.3 KB). Loaded Objects now: 2872.
Memory consumption went from 99.7 MB to 99.7 MB.
Total: 7.437000 ms (FindLiveObjects: 0.248600 ms CreateObjectMapping: 0.135000 ms MarkObjects: 7.010900 ms  DeleteObjects: 0.041100 ms)

AssetImportParameters requested are different than current active one (requested -> active):
  custom:video-decoder-ogg-theora: a1e56fd34408186e4bbccfd4996cb3dc -> 
  custom:container-muxer-webm: aa71ff27fc2769a1b78a27578f13a17b -> 
  custom:container-demuxer-webm: 4f35f7cbe854078d1ac9338744f61a02 -> 
  custom:video-encoder-webm-vp8: eb34c28f22e8b96e1ab97ce403110664 -> 
  custom:audio-encoder-webm-vorbis: bf7c407c2cedff20999df2af8eb42d56 -> 
  custom:framework-win-MediaFoundation: 216162199b28c13a410421893ffa2e32 -> 
  custom:container-demuxer-ogg: 62fdf1f143b41e24485cea50d1cbac27 -> 
  custom:video-decoder-webm-vp8: 9c59270c3fd7afecdb556c50c9e8de78 -> 
  custom:audio-decoder-ogg-vorbis: bf7c407c2cedff20999df2af8eb42d56 -> 
========================================================================
Received Import Request.
  Time since last request: 797.824154 seconds.
  path: Assets/Enes/GameManager.cs
  artifactKey: Guid(9620cd19167d041cc9f7327ba0cdbefd) Importer(815301076,1909f56bfc062723c751e8b465ee728b)
Start importing Assets/Enes/GameManager.cs using Guid(9620cd19167d041cc9f7327ba0cdbefd) Importer(815301076,1909f56bfc062723c751e8b465ee728b)  -> (artifact id: 'bb9a1d64314e5153348488c6390f9000') in 0.033474 seconds 
========================================================================
Received Import Request.
  Time since last request: 85.096919 seconds.
  path: Assets/Enes/1.png
  artifactKey: Guid(032b538a96610834487ddcc3909ca651) Importer(815301076,1909f56bfc062723c751e8b465ee728b)
Start importing Assets/Enes/1.png using Guid(032b538a96610834487ddcc3909ca651) Importer(815301076,1909f56bfc062723c751e8b465ee728b)  -> (artifact id: 'b03825de7a0a35e8e4968f5ab87602f0') in 0.098931 seconds 
========================================================================
Received Import Request.
  Time since last request: 3.138854 seconds.
  path: Assets/Enes/buttonH.png
  artifactKey: Guid(ee1b09e524407ed4782f85eeb82928bd) Importer(815301076,1909f56bfc062723c751e8b465ee728b)
Start importing Assets/Enes/buttonH.png using Guid(ee1b09e524407ed4782f85eeb82928bd) Importer(815301076,1909f56bfc062723c751e8b465ee728b)  -> (artifact id: '3b12b44538b02df9b3d3f246dfc18cf5') in 0.047859 seconds 
========================================================================
Received Import Request.
  Time since last request: 16.242211 seconds.
  path: Assets/Enes/buttonH.png
  artifactKey: Guid(ee1b09e524407ed4782f85eeb82928bd) Importer(815301076,1909f56bfc062723c751e8b465ee728b)
Start importing Assets/Enes/buttonH.png using Guid(ee1b09e524407ed4782f85eeb82928bd) Importer(815301076,1909f56bfc062723c751e8b465ee728b)  -> (artifact id: '8b297a34af389299ef64c35a9b418d7a') in 0.024885 seconds 
========================================================================
Received Import Request.
  Time since last request: 10.009576 seconds.
  path: Assets/Enes/1.png
  artifactKey: Guid(032b538a96610834487ddcc3909ca651) Importer(815301076,1909f56bfc062723c751e8b465ee728b)
Start importing Assets/Enes/1.png using Guid(032b538a96610834487ddcc3909ca651) Importer(815301076,1909f56bfc062723c751e8b465ee728b)  -> (artifact id: '9a7848c6fd94e838eef699984b96b456') in 0.063602 seconds 
========================================================================
Received Import Request.
  Time since last request: 3.409384 seconds.
  path: Assets/Enes/1.png
  artifactKey: Guid(032b538a96610834487ddcc3909ca651) Importer(815301076,1909f56bfc062723c751e8b465ee728b)
Start importing Assets/Enes/1.png using Guid(032b538a96610834487ddcc3909ca651) Importer(815301076,1909f56bfc062723c751e8b465ee728b)  -> (artifact id: '6c97a5449376e98886c9f90c9134be8d') in 0.035621 seconds 
========================================================================
Received Import Request.
  Time since last request: 4.482212 seconds.
  path: Assets/Enes/buttonH.png
  artifactKey: Guid(ee1b09e524407ed4782f85eeb82928bd) Importer(815301076,1909f56bfc062723c751e8b465ee728b)
Start importing Assets/Enes/buttonH.png using Guid(ee1b09e524407ed4782f85eeb82928bd) Importer(815301076,1909f56bfc062723c751e8b465ee728b)  -> (artifact id: '7f41cfd4df4004ac18aea0f9e450e29b') in 0.180948 seconds 
========================================================================
Received Import Request.
  Time since last request: 5.109608 seconds.
  path: Assets/Enes/1.png
  artifactKey: Guid(032b538a96610834487ddcc3909ca651) Importer(815301076,1909f56bfc062723c751e8b465ee728b)
Start importing Assets/Enes/1.png using Guid(032b538a96610834487ddcc3909ca651) Importer(815301076,1909f56bfc062723c751e8b465ee728b)  -> (artifact id: 'c7bfadf9a77d4a1c56154daca02deda6') in 0.209691 seconds 
========================================================================
Received Import Request.
  Time since last request: 136.267580 seconds.
  path: Assets/Enes/buttonH.png
  artifactKey: Guid(ee1b09e524407ed4782f85eeb82928bd) Importer(815301076,1909f56bfc062723c751e8b465ee728b)
Start importing Assets/Enes/buttonH.png using Guid(ee1b09e524407ed4782f85eeb82928bd) Importer(815301076,1909f56bfc062723c751e8b465ee728b)  -> (artifact id: '2a4016f17ea470904caf940d660602c4') in 0.159737 seconds 
========================================================================
Received Import Request.
  Time since last request: 35.742064 seconds.
  path: Assets/Enes/buttonH.png
  artifactKey: Guid(ee1b09e524407ed4782f85eeb82928bd) Importer(815301076,1909f56bfc062723c751e8b465ee728b)
Start importing Assets/Enes/buttonH.png using Guid(ee1b09e524407ed4782f85eeb82928bd) Importer(815301076,1909f56bfc062723c751e8b465ee728b)  -> (artifact id: '4928bca71aa45f59c1be658bb3a8bdfd') in 0.018536 seconds 
========================================================================
Received Import Request.
  Time since last request: 5.281780 seconds.
  path: Assets/Enes/buttonH.png
  artifactKey: Guid(ee1b09e524407ed4782f85eeb82928bd) Importer(815301076,1909f56bfc062723c751e8b465ee728b)
Start importing Assets/Enes/buttonH.png using Guid(ee1b09e524407ed4782f85eeb82928bd) Importer(815301076,1909f56bfc062723c751e8b465ee728b)  -> (artifact id: '171a9553daecfb9ef139673765bc2ca5') in 0.044906 seconds 
========================================================================
Received Prepare
Registering precompiled user dll's ...
Registered in 0.007391 seconds.
Begin MonoManager ReloadAssembly
Native extension for UWP target not found
Native extension for WindowsStandalone target not found
Native extension for Android target not found
Refreshing native plugins compatible for Editor in 0.71 ms, found 2 plugins.
Preloading 0 native plugins for Editor in 0.00 ms.
Mono: successfully reloaded assembly
- Completed reload, in  1.223 seconds
Domain Reload Profiling:
	ReloadAssembly (1223ms)
		BeginReloadAssembly (132ms)
			ExecutionOrderSort (0ms)
			DisableScriptedObjects (5ms)
			BackupInstance (0ms)
			ReleaseScriptingObjects (0ms)
			CreateAndSetChildDomain (42ms)
		EndReloadAssembly (990ms)
			LoadAssemblies (80ms)
			RebuildTransferFunctionScriptingTraits (0ms)
			SetupTypeCache (214ms)
			ReleaseScriptCaches (1ms)
			RebuildScriptCaches (42ms)
			SetupLoadedEditorAssemblies (598ms)
				LogAssemblyErrors (0ms)
				InitializePlatformSupportModulesInManaged (22ms)
				SetLoadedEditorAssemblies (0ms)
				RefreshPlugins (1ms)
				BeforeProcessingInitializeOnLoad (63ms)
				ProcessInitializeOnLoadAttributes (404ms)
				ProcessInitializeOnLoadMethodAttributes (98ms)
				AfterProcessingInitializeOnLoad (9ms)
				EditorAssembliesLoaded (0ms)
			ExecutionOrderSort2 (0ms)
			AwakeInstancesAfterBackupRestoration (9ms)
Platform modules already initialized, skipping
Refreshing native plugins compatible for Editor in 4.53 ms, found 2 plugins.
Preloading 0 native plugins for Editor in 0.00 ms.
Unloading 2378 Unused Serialized files (Serialized files now loaded: 0)
Unloading 39 unused Assets / (25.3 KB). Loaded Objects now: 2886.
Memory consumption went from 103.6 MB to 103.5 MB.
Total: 6.862800 ms (FindLiveObjects: 0.219900 ms CreateObjectMapping: 0.124800 ms MarkObjects: 6.479400 ms  DeleteObjects: 0.037400 ms)

AssetImportParameters requested are different than current active one (requested -> active):
  custom:video-decoder-ogg-theora: a1e56fd34408186e4bbccfd4996cb3dc -> 
  custom:container-muxer-webm: aa71ff27fc2769a1b78a27578f13a17b -> 
  custom:container-demuxer-webm: 4f35f7cbe854078d1ac9338744f61a02 -> 
  custom:video-encoder-webm-vp8: eb34c28f22e8b96e1ab97ce403110664 -> 
  custom:audio-encoder-webm-vorbis: bf7c407c2cedff20999df2af8eb42d56 -> 
  custom:framework-win-MediaFoundation: 216162199b28c13a410421893ffa2e32 -> 
  custom:container-demuxer-ogg: 62fdf1f143b41e24485cea50d1cbac27 -> 
  custom:video-decoder-webm-vp8: 9c59270c3fd7afecdb556c50c9e8de78 -> 
  custom:audio-decoder-ogg-vorbis: bf7c407c2cedff20999df2af8eb42d56 -> 
========================================================================
Received Prepare
Registering precompiled user dll's ...
Registered in 0.012555 seconds.
Begin MonoManager ReloadAssembly
Native extension for UWP target not found
Native extension for WindowsStandalone target not found
Native extension for Android target not found
Refreshing native plugins compatible for Editor in 0.73 ms, found 2 plugins.
Preloading 0 native plugins for Editor in 0.00 ms.
Unable to write to 'ProjectSettings\GvhProjectSettings.xml' (System.IO.IOException: Sharing violation on path C:\unitygames\Phantasma_Toss\PhatasmaToss\ProjectSettings\GvhProjectSettings.xml
  at System.IO.FileStream..ctor (System.String path, System.IO.FileMode mode, System.IO.FileAccess access, System.IO.FileShare share, System.Int32 bufferSize, System.Boolean anonymous, System.IO.FileOptions options) [0x0019e] in <c9d3ffd4b98649ee9989e1908eaca019>:0 
  at System.IO.FileStream..ctor (System.String path, System.IO.FileMode mode, System.IO.FileAccess access, System.IO.FileShare share, System.Int32 bufferSize, System.IO.FileOptions options) [0x00000] in <c9d3ffd4b98649ee9989e1908eaca019>:0 
  at System.IO.FileStream..ctor (System.String path, System.IO.FileMode mode, System.IO.FileAccess access, System.IO.FileShare share, System.Int32 bufferSize, System.Boolean useAsync) [0x00000] in <c9d3ffd4b98649ee9989e1908eaca019>:0 
  at (wrapper remoting-invoke-with-check) System.IO.FileStream..ctor(string,System.IO.FileMode,System.IO.FileAccess,System.IO.FileShare,int,bool)
  at System.Xml.XmlWriterSettings.CreateWriter (System.String outputFileName) [0x00051] in <100554d91a76425ca943b8b28ed78583>:0 
  at System.Xml.XmlWriter.Create (System.String outputFileName, System.Xml.XmlWriterSettings settings) [0x0000a] in <100554d91a76425ca943b8b28ed78583>:0 
  at Google.ProjectSettings.Save () [0x000a8] in <c44f6958b00a4ff0b3783140f387a792>:0 , Project settings were not saved!
UnityEngine.StackTraceUtility:ExtractStackTrace ()
UnityEngine.DebugLogHandler:LogFormat (UnityEngine.LogType,UnityEngine.Object,string,object[])
UnityEngine.Logger:Log (UnityEngine.LogType,object)
UnityEngine.Debug:LogError (object)
Google.Logger:Log (string,Google.LogLevel)
Google.ProjectSettings:Save ()
Google.ProjectSettings:SetBool (string,bool,Google.SettingsLocation)
Google.ProjectSettings:SetBool (string,bool)
Google.IOSResolver:set_VerboseLoggingEnabled (bool)
Google.IOSResolver:.cctor ()
System.Runtime.CompilerServices.RuntimeHelpers:RunClassConstructor (System.RuntimeTypeHandle)
UnityEditor.EditorAssemblies:ProcessInitializeOnLoadAttributes (System.Type[])

Mono: successfully reloaded assembly
- Completed reload, in  1.211 seconds
Domain Reload Profiling:
	ReloadAssembly (1212ms)
		BeginReloadAssembly (125ms)
			ExecutionOrderSort (0ms)
			DisableScriptedObjects (6ms)
			BackupInstance (0ms)
			ReleaseScriptingObjects (0ms)
			CreateAndSetChildDomain (36ms)
		EndReloadAssembly (979ms)
			LoadAssemblies (75ms)
			RebuildTransferFunctionScriptingTraits (0ms)
			SetupTypeCache (214ms)
			ReleaseScriptCaches (1ms)
			RebuildScriptCaches (48ms)
			SetupLoadedEditorAssemblies (586ms)
				LogAssemblyErrors (0ms)
				InitializePlatformSupportModulesInManaged (22ms)
				SetLoadedEditorAssemblies (0ms)
				RefreshPlugins (1ms)
				BeforeProcessingInitializeOnLoad (57ms)
				ProcessInitializeOnLoadAttributes (399ms)
				ProcessInitializeOnLoadMethodAttributes (98ms)
				AfterProcessingInitializeOnLoad (7ms)
				EditorAssembliesLoaded (0ms)
			ExecutionOrderSort2 (0ms)
			AwakeInstancesAfterBackupRestoration (9ms)
Platform modules already initialized, skipping
Refreshing native plugins compatible for Editor in 4.56 ms, found 2 plugins.
Preloading 0 native plugins for Editor in 0.00 ms.
Unloading 2378 Unused Serialized files (Serialized files now loaded: 0)
Unloading 39 unused Assets / (25.4 KB). Loaded Objects now: 2890.
Memory consumption went from 103.6 MB to 103.6 MB.
Total: 7.558700 ms (FindLiveObjects: 0.236300 ms CreateObjectMapping: 0.129400 ms MarkObjects: 7.152600 ms  DeleteObjects: 0.039000 ms)

AssetImportParameters requested are different than current active one (requested -> active):
  custom:video-decoder-ogg-theora: a1e56fd34408186e4bbccfd4996cb3dc -> 
  custom:container-muxer-webm: aa71ff27fc2769a1b78a27578f13a17b -> 
  custom:container-demuxer-webm: 4f35f7cbe854078d1ac9338744f61a02 -> 
  custom:video-encoder-webm-vp8: eb34c28f22e8b96e1ab97ce403110664 -> 
  custom:audio-encoder-webm-vorbis: bf7c407c2cedff20999df2af8eb42d56 -> 
  custom:framework-win-MediaFoundation: 216162199b28c13a410421893ffa2e32 -> 
  custom:container-demuxer-ogg: 62fdf1f143b41e24485cea50d1cbac27 -> 
  custom:video-decoder-webm-vp8: 9c59270c3fd7afecdb556c50c9e8de78 -> 
  custom:audio-decoder-ogg-vorbis: bf7c407c2cedff20999df2af8eb42d56 -> 
========================================================================
Received Prepare
Registering precompiled user dll's ...
Registered in 0.008950 seconds.
Begin MonoManager ReloadAssembly
Native extension for UWP target not found
Native extension for WindowsStandalone target not found
Native extension for Android target not found
Refreshing native plugins compatible for Editor in 0.74 ms, found 2 plugins.
Preloading 0 native plugins for Editor in 0.00 ms.
Unable to write to 'ProjectSettings\GvhProjectSettings.xml' (System.IO.IOException: Sharing violation on path C:\unitygames\Phantasma_Toss\PhatasmaToss\ProjectSettings\GvhProjectSettings.xml
  at System.IO.FileStream..ctor (System.String path, System.IO.FileMode mode, System.IO.FileAccess access, System.IO.FileShare share, System.Int32 bufferSize, System.Boolean anonymous, System.IO.FileOptions options) [0x0019e] in <c9d3ffd4b98649ee9989e1908eaca019>:0 
  at System.IO.FileStream..ctor (System.String path, System.IO.FileMode mode, System.IO.FileAccess access, System.IO.FileShare share, System.Int32 bufferSize, System.IO.FileOptions options) [0x00000] in <c9d3ffd4b98649ee9989e1908eaca019>:0 
  at System.IO.FileStream..ctor (System.String path, System.IO.FileMode mode, System.IO.FileAccess access, System.IO.FileShare share, System.Int32 bufferSize, System.Boolean useAsync) [0x00000] in <c9d3ffd4b98649ee9989e1908eaca019>:0 
  at (wrapper remoting-invoke-with-check) System.IO.FileStream..ctor(string,System.IO.FileMode,System.IO.FileAccess,System.IO.FileShare,int,bool)
  at System.Xml.XmlWriterSettings.CreateWriter (System.String outputFileName) [0x00051] in <100554d91a76425ca943b8b28ed78583>:0 
  at System.Xml.XmlWriter.Create (System.String outputFileName, System.Xml.XmlWriterSettings settings) [0x0000a] in <100554d91a76425ca943b8b28ed78583>:0 
  at Google.ProjectSettings.Save () [0x000a8] in <c44f6958b00a4ff0b3783140f387a792>:0 , Project settings were not saved!
UnityEngine.StackTraceUtility:ExtractStackTrace ()
UnityEngine.DebugLogHandler:LogFormat (UnityEngine.LogType,UnityEngine.Object,string,object[])
UnityEngine.Logger:Log (UnityEngine.LogType,object)
UnityEngine.Debug:LogError (object)
Google.Logger:Log (string,Google.LogLevel)
Google.ProjectSettings:Save ()
Google.ProjectSettings:SetBool (string,bool,Google.SettingsLocation)
Google.ProjectSettings:SetBool (string,bool)
Google.IOSResolver:set_VerboseLoggingEnabled (bool)
Google.IOSResolver:.cctor ()
System.Runtime.CompilerServices.RuntimeHelpers:RunClassConstructor (System.RuntimeTypeHandle)
UnityEditor.EditorAssemblies:ProcessInitializeOnLoadAttributes (System.Type[])

Mono: successfully reloaded assembly
- Completed reload, in  1.250 seconds
Domain Reload Profiling:
	ReloadAssembly (1251ms)
		BeginReloadAssembly (138ms)
			ExecutionOrderSort (0ms)
			DisableScriptedObjects (7ms)
			BackupInstance (0ms)
			ReleaseScriptingObjects (0ms)
			CreateAndSetChildDomain (42ms)
		EndReloadAssembly (1006ms)
			LoadAssemblies (81ms)
			RebuildTransferFunctionScriptingTraits (0ms)
			SetupTypeCache (227ms)
			ReleaseScriptCaches (1ms)
			RebuildScriptCaches (41ms)
			SetupLoadedEditorAssemblies (603ms)
				LogAssemblyErrors (0ms)
				InitializePlatformSupportModulesInManaged (24ms)
				SetLoadedEditorAssemblies (0ms)
				RefreshPlugins (1ms)
				BeforeProcessingInitializeOnLoad (53ms)
				ProcessInitializeOnLoadAttributes (397ms)
				ProcessInitializeOnLoadMethodAttributes (120ms)
				AfterProcessingInitializeOnLoad (7ms)
				EditorAssembliesLoaded (0ms)
			ExecutionOrderSort2 (0ms)
			AwakeInstancesAfterBackupRestoration (8ms)
Platform modules already initialized, skipping
Refreshing native plugins compatible for Editor in 3.32 ms, found 2 plugins.
Preloading 0 native plugins for Editor in 0.00 ms.
Unloading 2378 Unused Serialized files (Serialized files now loaded: 0)
Unloading 39 unused Assets / (25.4 KB). Loaded Objects now: 2894.
Memory consumption went from 103.6 MB to 103.6 MB.
Total: 6.071800 ms (FindLiveObjects: 0.203900 ms CreateObjectMapping: 0.099700 ms MarkObjects: 5.740300 ms  DeleteObjects: 0.026500 ms)

AssetImportParameters requested are different than current active one (requested -> active):
  custom:video-decoder-ogg-theora: a1e56fd34408186e4bbccfd4996cb3dc -> 
  custom:container-muxer-webm: aa71ff27fc2769a1b78a27578f13a17b -> 
  custom:container-demuxer-webm: 4f35f7cbe854078d1ac9338744f61a02 -> 
  custom:video-encoder-webm-vp8: eb34c28f22e8b96e1ab97ce403110664 -> 
  custom:audio-encoder-webm-vorbis: bf7c407c2cedff20999df2af8eb42d56 -> 
  custom:framework-win-MediaFoundation: 216162199b28c13a410421893ffa2e32 -> 
  custom:container-demuxer-ogg: 62fdf1f143b41e24485cea50d1cbac27 -> 
  custom:video-decoder-webm-vp8: 9c59270c3fd7afecdb556c50c9e8de78 -> 
  custom:audio-decoder-ogg-vorbis: bf7c407c2cedff20999df2af8eb42d56 -> 
========================================================================
Received Prepare
Registering precompiled user dll's ...
Registered in 0.012266 seconds.
Begin MonoManager ReloadAssembly
Native extension for UWP target not found
Native extension for WindowsStandalone target not found
Native extension for Android target not found
Refreshing native plugins compatible for Editor in 0.72 ms, found 2 plugins.
Preloading 0 native plugins for Editor in 0.00 ms.
Mono: successfully reloaded assembly
- Completed reload, in  1.225 seconds
Domain Reload Profiling:
	ReloadAssembly (1226ms)
		BeginReloadAssembly (139ms)
			ExecutionOrderSort (0ms)
			DisableScriptedObjects (6ms)
			BackupInstance (0ms)
			ReleaseScriptingObjects (0ms)
			CreateAndSetChildDomain (38ms)
		EndReloadAssembly (976ms)
			LoadAssemblies (84ms)
			RebuildTransferFunctionScriptingTraits (0ms)
			SetupTypeCache (233ms)
			ReleaseScriptCaches (1ms)
			RebuildScriptCaches (42ms)
			SetupLoadedEditorAssemblies (565ms)
				LogAssemblyErrors (0ms)
				InitializePlatformSupportModulesInManaged (21ms)
				SetLoadedEditorAssemblies (0ms)
				RefreshPlugins (1ms)
				BeforeProcessingInitializeOnLoad (51ms)
				ProcessInitializeOnLoadAttributes (388ms)
				ProcessInitializeOnLoadMethodAttributes (97ms)
				AfterProcessingInitializeOnLoad (7ms)
				EditorAssembliesLoaded (0ms)
			ExecutionOrderSort2 (0ms)
			AwakeInstancesAfterBackupRestoration (8ms)
Platform modules already initialized, skipping
Refreshing native plugins compatible for Editor in 4.02 ms, found 2 plugins.
Preloading 0 native plugins for Editor in 0.00 ms.
Unloading 2378 Unused Serialized files (Serialized files now loaded: 0)
Unloading 39 unused Assets / (25.3 KB). Loaded Objects now: 2898.
Memory consumption went from 103.6 MB to 103.6 MB.
Total: 6.745700 ms (FindLiveObjects: 0.299500 ms CreateObjectMapping: 0.276200 ms MarkObjects: 6.137300 ms  DeleteObjects: 0.031300 ms)

AssetImportParameters requested are different than current active one (requested -> active):
  custom:video-decoder-ogg-theora: a1e56fd34408186e4bbccfd4996cb3dc -> 
  custom:container-muxer-webm: aa71ff27fc2769a1b78a27578f13a17b -> 
  custom:container-demuxer-webm: 4f35f7cbe854078d1ac9338744f61a02 -> 
  custom:video-encoder-webm-vp8: eb34c28f22e8b96e1ab97ce403110664 -> 
  custom:audio-encoder-webm-vorbis: bf7c407c2cedff20999df2af8eb42d56 -> 
  custom:framework-win-MediaFoundation: 216162199b28c13a410421893ffa2e32 -> 
  custom:container-demuxer-ogg: 62fdf1f143b41e24485cea50d1cbac27 -> 
  custom:video-decoder-webm-vp8: 9c59270c3fd7afecdb556c50c9e8de78 -> 
  custom:audio-decoder-ogg-vorbis: bf7c407c2cedff20999df2af8eb42d56 -> 
========================================================================
Received Import Request.
  Time since last request: 742.236364 seconds.
  path: Assets/Enes/buttonH.png
  artifactKey: Guid(ee1b09e524407ed4782f85eeb82928bd) Importer(815301076,1909f56bfc062723c751e8b465ee728b)
Start importing Assets/Enes/buttonH.png using Guid(ee1b09e524407ed4782f85eeb82928bd) Importer(815301076,1909f56bfc062723c751e8b465ee728b)  -> (artifact id: 'd021ed4f27490cdc7ee6b615bfaa9897') in 0.094620 seconds 
========================================================================
Received Import Request.
  Time since last request: 10.308391 seconds.
  path: Assets/Enes/buttonH.png
  artifactKey: Guid(ee1b09e524407ed4782f85eeb82928bd) Importer(815301076,1909f56bfc062723c751e8b465ee728b)
Start importing Assets/Enes/buttonH.png using Guid(ee1b09e524407ed4782f85eeb82928bd) Importer(815301076,1909f56bfc062723c751e8b465ee728b)  -> (artifact id: '86b98d54770ee71c8dd65a48bdcbe7c0') in 0.058961 seconds 
========================================================================
Received Prepare
Registering precompiled user dll's ...
Registered in 0.008144 seconds.
Begin MonoManager ReloadAssembly
Native extension for UWP target not found
Native extension for WindowsStandalone target not found
Native extension for Android target not found
Refreshing native plugins compatible for Editor in 0.68 ms, found 2 plugins.
Preloading 0 native plugins for Editor in 0.00 ms.
Unable to write to 'ProjectSettings\GvhProjectSettings.xml' (System.IO.IOException: Sharing violation on path C:\unitygames\Phantasma_Toss\PhatasmaToss\ProjectSettings\GvhProjectSettings.xml
  at System.IO.FileStream..ctor (System.String path, System.IO.FileMode mode, System.IO.FileAccess access, System.IO.FileShare share, System.Int32 bufferSize, System.Boolean anonymous, System.IO.FileOptions options) [0x0019e] in <c9d3ffd4b98649ee9989e1908eaca019>:0 
  at System.IO.FileStream..ctor (System.String path, System.IO.FileMode mode, System.IO.FileAccess access, System.IO.FileShare share, System.Int32 bufferSize, System.IO.FileOptions options) [0x00000] in <c9d3ffd4b98649ee9989e1908eaca019>:0 
  at System.IO.FileStream..ctor (System.String path, System.IO.FileMode mode, System.IO.FileAccess access, System.IO.FileShare share, System.Int32 bufferSize, System.Boolean useAsync) [0x00000] in <c9d3ffd4b98649ee9989e1908eaca019>:0 
  at (wrapper remoting-invoke-with-check) System.IO.FileStream..ctor(string,System.IO.FileMode,System.IO.FileAccess,System.IO.FileShare,int,bool)
  at System.Xml.XmlWriterSettings.CreateWriter (System.String outputFileName) [0x00051] in <100554d91a76425ca943b8b28ed78583>:0 
  at System.Xml.XmlWriter.Create (System.String outputFileName, System.Xml.XmlWriterSettings settings) [0x0000a] in <100554d91a76425ca943b8b28ed78583>:0 
  at Google.ProjectSettings.Save () [0x000a8] in <c44f6958b00a4ff0b3783140f387a792>:0 , Project settings were not saved!
UnityEngine.StackTraceUtility:ExtractStackTrace ()
UnityEngine.DebugLogHandler:LogFormat (UnityEngine.LogType,UnityEngine.Object,string,object[])
UnityEngine.Logger:Log (UnityEngine.LogType,object)
UnityEngine.Debug:LogError (object)
Google.Logger:Log (string,Google.LogLevel)
Google.ProjectSettings:Save ()
Google.ProjectSettings:SetBool (string,bool,Google.SettingsLocation)
Google.ProjectSettings:SetBool (string,bool)
Google.IOSResolver:set_VerboseLoggingEnabled (bool)
Google.IOSResolver:.cctor ()
System.Runtime.CompilerServices.RuntimeHelpers:RunClassConstructor (System.RuntimeTypeHandle)
UnityEditor.EditorAssemblies:ProcessInitializeOnLoadAttributes (System.Type[])

Mono: successfully reloaded assembly
- Completed reload, in  1.255 seconds
Domain Reload Profiling:
	ReloadAssembly (1256ms)
		BeginReloadAssembly (128ms)
			ExecutionOrderSort (0ms)
			DisableScriptedObjects (5ms)
			BackupInstance (0ms)
			ReleaseScriptingObjects (0ms)
			CreateAndSetChildDomain (40ms)
		EndReloadAssembly (1020ms)
			LoadAssemblies (79ms)
			RebuildTransferFunctionScriptingTraits (0ms)
			SetupTypeCache (232ms)
			ReleaseScriptCaches (1ms)
			RebuildScriptCaches (54ms)
			SetupLoadedEditorAssemblies (595ms)
				LogAssemblyErrors (0ms)
				InitializePlatformSupportModulesInManaged (22ms)
				SetLoadedEditorAssemblies (1ms)
				RefreshPlugins (1ms)
				BeforeProcessingInitializeOnLoad (54ms)
				ProcessInitializeOnLoadAttributes (405ms)
				ProcessInitializeOnLoadMethodAttributes (105ms)
				AfterProcessingInitializeOnLoad (8ms)
				EditorAssembliesLoaded (0ms)
			ExecutionOrderSort2 (0ms)
			AwakeInstancesAfterBackupRestoration (7ms)
Platform modules already initialized, skipping
Refreshing native plugins compatible for Editor in 4.05 ms, found 2 plugins.
Preloading 0 native plugins for Editor in 0.00 ms.
Unloading 2378 Unused Serialized files (Serialized files now loaded: 0)
Unloading 39 unused Assets / (25.5 KB). Loaded Objects now: 2906.
Memory consumption went from 103.6 MB to 103.6 MB.
Total: 7.062300 ms (FindLiveObjects: 0.203000 ms CreateObjectMapping: 0.130700 ms MarkObjects: 6.692200 ms  DeleteObjects: 0.035200 ms)

AssetImportParameters requested are different than current active one (requested -> active):
  custom:video-decoder-ogg-theora: a1e56fd34408186e4bbccfd4996cb3dc -> 
  custom:container-muxer-webm: aa71ff27fc2769a1b78a27578f13a17b -> 
  custom:container-demuxer-webm: 4f35f7cbe854078d1ac9338744f61a02 -> 
  custom:video-encoder-webm-vp8: eb34c28f22e8b96e1ab97ce403110664 -> 
  custom:audio-encoder-webm-vorbis: bf7c407c2cedff20999df2af8eb42d56 -> 
  custom:framework-win-MediaFoundation: 216162199b28c13a410421893ffa2e32 -> 
  custom:container-demuxer-ogg: 62fdf1f143b41e24485cea50d1cbac27 -> 
  custom:video-decoder-webm-vp8: 9c59270c3fd7afecdb556c50c9e8de78 -> 
  custom:audio-decoder-ogg-vorbis: bf7c407c2cedff20999df2af8eb42d56 -> 
========================================================================
Received Import Request.
  Time since last request: 178.164461 seconds.
  path: Assets/Enes/SampleScene.unity
  artifactKey: Guid(d3c095d7e7b30644c925998a0b5842a5) Importer(815301076,1909f56bfc062723c751e8b465ee728b)
Start importing Assets/Enes/SampleScene.unity using Guid(d3c095d7e7b30644c925998a0b5842a5) Importer(815301076,1909f56bfc062723c751e8b465ee728b)  -> (artifact id: '8deacd6fbb47c270956408e52b5386b2') in 0.010588 seconds 
========================================================================
Received Import Request.
  Time since last request: 663.698870 seconds.
  path: Assets/Enes/Oyku
  artifactKey: Guid(ea3efcfe10f9b4b60aaff802a864004b) Importer(815301076,1909f56bfc062723c751e8b465ee728b)
Start importing Assets/Enes/Oyku using Guid(ea3efcfe10f9b4b60aaff802a864004b) Importer(815301076,1909f56bfc062723c751e8b465ee728b)  -> (artifact id: '257e3939d4778c775322df2f0a517ec6') in 0.006622 seconds 
========================================================================
Received Import Request.
  Time since last request: 4.584375 seconds.
  path: Assets/Alstra Infinite/Tool Set - PolyPack/Materials/MetalV1.mat
  artifactKey: Guid(f7ebf90318e22d14ba2b9db3099952a4) Importer(815301076,1909f56bfc062723c751e8b465ee728b)
Start importing Assets/Alstra Infinite/Tool Set - PolyPack/Materials/MetalV1.mat using Guid(f7ebf90318e22d14ba2b9db3099952a4) Importer(815301076,1909f56bfc062723c751e8b465ee728b)  -> (artifact id: '32037d187566d51dc5827fd0661e5d26') in 0.090526 seconds 
========================================================================
Received Import Request.
  Time since last request: 0.000019 seconds.
  path: Assets/Alstra Infinite/Tool Set - PolyPack/Materials/PolyPack_Main.mat
  artifactKey: Guid(18c9e94dd61f38949a78534f943fee84) Importer(815301076,1909f56bfc062723c751e8b465ee728b)
Start importing Assets/Alstra Infinite/Tool Set - PolyPack/Materials/PolyPack_Main.mat using Guid(18c9e94dd61f38949a78534f943fee84) Importer(815301076,1909f56bfc062723c751e8b465ee728b)  -> (artifact id: 'c47a74cbade0f984ad0fd836a25cab46') in 0.022344 seconds 
========================================================================
Received Import Request.
  Time since last request: 0.419125 seconds.
  path: Assets/Alstra Infinite/Tool Set - PolyPack/Models/AxeV1.fbx
  artifactKey: Guid(bda3df0b090a6d64f9ef4850a025dc3a) Importer(815301076,1909f56bfc062723c751e8b465ee728b)
Start importing Assets/Alstra Infinite/Tool Set - PolyPack/Models/AxeV1.fbx using Guid(bda3df0b090a6d64f9ef4850a025dc3a) Importer(815301076,1909f56bfc062723c751e8b465ee728b)  -> (artifact id: 'e0ab7490e86a8b6150fa41bd44376653') in 0.057637 seconds 
========================================================================
Received Import Request.
  Time since last request: 0.000022 seconds.
  path: Assets/Alstra Infinite/Tool Set - PolyPack/Models/SpadeV1.fbx
  artifactKey: Guid(34c8f925cbe5a484f822ef5d7eb33fac) Importer(815301076,1909f56bfc062723c751e8b465ee728b)
Start importing Assets/Alstra Infinite/Tool Set - PolyPack/Models/SpadeV1.fbx using Guid(34c8f925cbe5a484f822ef5d7eb33fac) Importer(815301076,1909f56bfc062723c751e8b465ee728b)  -> (artifact id: '54cac639720651000c403f3e7fbeada2') in 0.025395 seconds 
========================================================================
Received Import Request.
  Time since last request: 0.000032 seconds.
  path: Assets/Alstra Infinite/Tool Set - PolyPack/Models/PickAxeV1.fbx
  artifactKey: Guid(a2e5c537bbbaee44082807d1614edef1) Importer(815301076,1909f56bfc062723c751e8b465ee728b)
Start importing Assets/Alstra Infinite/Tool Set - PolyPack/Models/PickAxeV1.fbx using Guid(a2e5c537bbbaee44082807d1614edef1) Importer(815301076,1909f56bfc062723c751e8b465ee728b)  -> (artifact id: '34fcf5b9a9b0f3dc99ff19a9f7364fec') in 0.022036 seconds 
========================================================================
Received Import Request.
  Time since last request: 0.282619 seconds.
  path: Assets/Alstra Infinite/Tool Set - PolyPack/Prefabs/AxeV1.prefab
  artifactKey: Guid(c8abccebf51185b4097c6c21f9537b03) Importer(815301076,1909f56bfc062723c751e8b465ee728b)
Start importing Assets/Alstra Infinite/Tool Set - PolyPack/Prefabs/AxeV1.prefab using Guid(c8abccebf51185b4097c6c21f9537b03) Importer(815301076,1909f56bfc062723c751e8b465ee728b)  -> (artifact id: 'ca52af8dd639f846a929b137345161a8') in 0.014724 seconds 
========================================================================
Received Import Request.
  Time since last request: 0.000017 seconds.
  path: Assets/Alstra Infinite/Tool Set - PolyPack/Prefabs/HoeV1.prefab
  artifactKey: Guid(4021f8cbbb8613842a1ab100926ddae2) Importer(815301076,1909f56bfc062723c751e8b465ee728b)
Start importing Assets/Alstra Infinite/Tool Set - PolyPack/Prefabs/HoeV1.prefab using Guid(4021f8cbbb8613842a1ab100926ddae2) Importer(815301076,1909f56bfc062723c751e8b465ee728b)  -> (artifact id: '7619ef41623959be5fc0178512dbe0cb') in 0.010825 seconds 
========================================================================
Received Import Request.
  Time since last request: 0.000018 seconds.
  path: Assets/Alstra Infinite/Tool Set - PolyPack/Prefabs/ScytheV1.prefab
  artifactKey: Guid(6d5c973482b67d04e8b5574a2dc815a5) Importer(815301076,1909f56bfc062723c751e8b465ee728b)
Start importing Assets/Alstra Infinite/Tool Set - PolyPack/Prefabs/ScytheV1.prefab using Guid(6d5c973482b67d04e8b5574a2dc815a5) Importer(815301076,1909f56bfc062723c751e8b465ee728b)  -> (artifact id: '7599c92ba287187b602c4cdf3eb468c2') in 0.013446 seconds 
========================================================================
Received Import Request.
  Time since last request: 0.352769 seconds.
  path: Assets/Alstra Infinite/Tool Set - PolyPack/Texture/PolyPack_Main1.png
  artifactKey: Guid(709325829b616e242b2b574da95b08c0) Importer(815301076,1909f56bfc062723c751e8b465ee728b)
Start importing Assets/Alstra Infinite/Tool Set - PolyPack/Texture/PolyPack_Main1.png using Guid(709325829b616e242b2b574da95b08c0) Importer(815301076,1909f56bfc062723c751e8b465ee728b)  -> (artifact id: 'f93782763f1e68fc21d3bf2382ba4dc1') in 0.016836 seconds 
========================================================================
Received Import Request.
  Time since last request: 3.686298 seconds.
  path: Assets/aa/atmak/Ball.physicMaterial
  artifactKey: Guid(efc99a93df548ae418bcac7ec2ab8fc2) Importer(815301076,1909f56bfc062723c751e8b465ee728b)
Start importing Assets/aa/atmak/Ball.physicMaterial using Guid(efc99a93df548ae418bcac7ec2ab8fc2) Importer(815301076,1909f56bfc062723c751e8b465ee728b)  -> (artifact id: '88f9250fcda53bf8a9a6da71aef541a6') in 0.006879 seconds 
========================================================================
Received Import Request.
  Time since last request: 0.000017 seconds.
  path: Assets/aa/atmak/GameController.prefab
  artifactKey: Guid(8f139f8ace5e922428859b20011d56c5) Importer(815301076,1909f56bfc062723c751e8b465ee728b)
Start importing Assets/aa/atmak/GameController.prefab using Guid(8f139f8ace5e922428859b20011d56c5) Importer(815301076,1909f56bfc062723c751e8b465ee728b)  -> (artifact id: 'a2933a68f6199ec290342505357e33db') in 0.008797 seconds 
========================================================================
Received Import Request.
  Time since last request: 0.000028 seconds.
  path: Assets/aa/atmak/ScoreArea.prefab
  artifactKey: Guid(a1ff533b6eb2fd04d84431511b7f1a13) Importer(815301076,1909f56bfc062723c751e8b465ee728b)
Start importing Assets/aa/atmak/ScoreArea.prefab using Guid(a1ff533b6eb2fd04d84431511b7f1a13) Importer(815301076,1909f56bfc062723c751e8b465ee728b)  -> (artifact id: '458a11890bddec8b0384f3d2450f2c1e') in 0.104804 seconds 
========================================================================
Received Import Request.
  Time since last request: 0.000110 seconds.
  path: Assets/aa/atmak/Player.prefab
  artifactKey: Guid(c9f805604f701f44c89d9692808a46ab) Importer(815301076,1909f56bfc062723c751e8b465ee728b)
Start importing Assets/aa/atmak/Player.prefab using Guid(c9f805604f701f44c89d9692808a46ab) Importer(815301076,1909f56bfc062723c751e8b465ee728b)  -> (artifact id: 'db5b599dd2c5b8e43135baa5d435281c') in 0.026976 seconds 
========================================================================
Received Import Request.
  Time since last request: 0.726709 seconds.
  path: Assets/aa/Materials/4qwttyos.mat
  artifactKey: Guid(7158c09688de614479c7ffd762b7476a) Importer(815301076,1909f56bfc062723c751e8b465ee728b)
Start importing Assets/aa/Materials/4qwttyos.mat using Guid(7158c09688de614479c7ffd762b7476a) Importer(815301076,1909f56bfc062723c751e8b465ee728b)  -> (artifact id: '1f47e086ec62822dc532b07f9d7d4cb7') in 0.027622 seconds 
========================================================================
Received Import Request.
  Time since last request: 0.000025 seconds.
  path: Assets/aa/Materials/logo.soul.sucker-1.mat
  artifactKey: Guid(0d099c8c1cd189e449b275bd71c20f51) Importer(815301076,1909f56bfc062723c751e8b465ee728b)
Start importing Assets/aa/Materials/logo.soul.sucker-1.mat using Guid(0d099c8c1cd189e449b275bd71c20f51) Importer(815301076,1909f56bfc062723c751e8b465ee728b)  -> (artifact id: '58b8213d8a02f78c9f3b990c5fa77f62') in 0.021029 seconds 
========================================================================
Received Import Request.
  Time since last request: 0.000022 seconds.
  path: Assets/aa/Materials/vla32tg2.mat
  artifactKey: Guid(4ccd63ca7c5b768439415c0ace68dbc9) Importer(815301076,1909f56bfc062723c751e8b465ee728b)
Start importing Assets/aa/Materials/vla32tg2.mat using Guid(4ccd63ca7c5b768439415c0ace68dbc9) Importer(815301076,1909f56bfc062723c751e8b465ee728b)  -> (artifact id: 'ab4841b0fa3ca186aa79ec047e16f655') in 0.029625 seconds 
========================================================================
Received Import Request.
  Time since last request: 1.063363 seconds.
  path: Assets/aa/Materials/Materials/game.logo.soul.sucker(arkas.transparan).mat
  artifactKey: Guid(595bee19ab4a9474694303fed3fb01dc) Importer(815301076,1909f56bfc062723c751e8b465ee728b)
Start importing Assets/aa/Materials/Materials/game.logo.soul.sucker(arkas.transparan).mat using Guid(595bee19ab4a9474694303fed3fb01dc) Importer(815301076,1909f56bfc062723c751e8b465ee728b)  -> (artifact id: '83b1d6dd13c7a2ac9fb98cbf99385e0d') in 0.067809 seconds 
========================================================================
Received Import Request.
  Time since last request: 5.132100 seconds.
  path: Assets/aa/Scenes/1.unity
  artifactKey: Guid(13ab965830924cb459501bd7b4aa7420) Importer(815301076,1909f56bfc062723c751e8b465ee728b)
Start importing Assets/aa/Scenes/1.unity using Guid(13ab965830924cb459501bd7b4aa7420) Importer(815301076,1909f56bfc062723c751e8b465ee728b)  -> (artifact id: 'e86230981f46c06d7b70408ed65808b0') in 0.005378 seconds 
========================================================================
Received Import Request.
  Time since last request: 13.683120 seconds.
  path: Assets/aa/Scenes/2.unity
  artifactKey: Guid(12f793adc671fce408a81e5f62607b42) Importer(815301076,1909f56bfc062723c751e8b465ee728b)
Start importing Assets/aa/Scenes/2.unity using Guid(12f793adc671fce408a81e5f62607b42) Importer(815301076,1909f56bfc062723c751e8b465ee728b)  -> (artifact id: 'fa7e4fa2b7acb9d694d104de8206a963') in 0.005427 seconds 
